\BOOKMARK [1][-]{section.1}{Particles}{}% 1
\BOOKMARK [2][-]{subsection.1.1}{Classification}{section.1}% 2
\BOOKMARK [2][-]{subsection.1.2}{Quarks}{section.1}% 3
\BOOKMARK [3][-]{subsubsection.1.2.1}{Conservation Laws}{subsection.1.2}% 4
\BOOKMARK [3][-]{subsubsection.1.2.2}{Specific Mass}{subsection.1.2}% 5
\BOOKMARK [2][-]{subsection.1.3}{Forces}{section.1}% 6
\BOOKMARK [3][-]{subsubsection.1.3.1}{Strong Force}{subsection.1.3}% 7
\BOOKMARK [3][-]{subsubsection.1.3.2}{Electromagnetic Force}{subsection.1.3}% 8
\BOOKMARK [3][-]{subsubsection.1.3.3}{Weak Force}{subsection.1.3}% 9
\BOOKMARK [3][-]{subsubsection.1.3.4}{Gravitational Force}{subsection.1.3}% 10
\BOOKMARK [2][-]{subsection.1.4}{Decays}{section.1}% 11
\BOOKMARK [3][-]{subsubsection.1.4.1}{ decay}{subsection.1.4}% 12
\BOOKMARK [3][-]{subsubsection.1.4.2}{ decay}{subsection.1.4}% 13
\BOOKMARK [2][-]{subsection.1.5}{Electron Energy Levaels}{section.1}% 14
\BOOKMARK [2][-]{subsection.1.6}{Pair Production}{section.1}% 15
\BOOKMARK [2][-]{subsection.1.7}{Electron Capture}{section.1}% 16
\BOOKMARK [2][-]{subsection.1.8}{EM Repulsion}{section.1}% 17
\BOOKMARK [2][-]{subsection.1.9}{Antimatter}{section.1}% 18
\BOOKMARK [2][-]{subsection.1.10}{The Photoelectric Effect}{section.1}% 19
\BOOKMARK [2][-]{subsection.1.11}{Electron Energy Levels}{section.1}% 20
\BOOKMARK [3][-]{subsubsection.1.11.1}{Absorption and Emission lines}{subsection.1.11}% 21
\BOOKMARK [3][-]{subsubsection.1.11.2}{Fluorescent Tubes}{subsection.1.11}% 22
\BOOKMARK [2][-]{subsection.1.12}{Wave Particle Duality}{section.1}% 23
\BOOKMARK [1][-]{section.2}{Waves}{}% 24
\BOOKMARK [2][-]{subsection.2.1}{Important Definitions}{section.2}% 25
\BOOKMARK [2][-]{subsection.2.2}{Transverse and Longitudinal}{section.2}% 26
\BOOKMARK [2][-]{subsection.2.3}{Interference}{section.2}% 27
\BOOKMARK [2][-]{subsection.2.4}{Diffraction}{section.2}% 28
\BOOKMARK [2][-]{subsection.2.5}{Refractive index}{section.2}% 29
\BOOKMARK [3][-]{subsubsection.2.5.1}{Snell's Law}{subsection.2.5}% 30
\BOOKMARK [3][-]{subsubsection.2.5.2}{Critical Angle}{subsection.2.5}% 31
\BOOKMARK [2][-]{subsection.2.6}{Fibre-optics}{section.2}% 32
\BOOKMARK [3][-]{subsubsection.2.6.1}{Absorption}{subsection.2.6}% 33
\BOOKMARK [3][-]{subsubsection.2.6.2}{Dispersion}{subsection.2.6}% 34
\BOOKMARK [2][-]{subsection.2.7}{Single Slit Diffraction}{section.2}% 35
\BOOKMARK [2][-]{subsection.2.8}{Double Slit Diffraction}{section.2}% 36
\BOOKMARK [2][-]{subsection.2.9}{Diffraction Gratings}{section.2}% 37
\BOOKMARK [2][-]{subsection.2.10}{Polarisation}{section.2}% 38
\BOOKMARK [3][-]{subsubsection.2.10.1}{Polarising Glasses}{subsection.2.10}% 39
\BOOKMARK [2][-]{subsection.2.11}{Standing Waves}{section.2}% 40
\BOOKMARK [3][-]{subsubsection.2.11.1}{Harmonics}{subsection.2.11}% 41
\BOOKMARK [2][-]{subsection.2.12}{Sound}{section.2}% 42
\BOOKMARK [1][-]{section.3}{Astrophysics}{}% 43
\BOOKMARK [2][-]{subsection.3.1}{Lenses}{section.3}% 44
\BOOKMARK [2][-]{subsection.3.2}{Refracting Telescope}{section.3}% 45
\BOOKMARK [2][-]{subsection.3.3}{Reflecting Telescope}{section.3}% 46
\BOOKMARK [2][-]{subsection.3.4}{Resolving Power of a Telescope}{section.3}% 47
\BOOKMARK [2][-]{subsection.3.5}{Problems with Refracting Telescopes}{section.3}% 48
\BOOKMARK [2][-]{subsection.3.6}{Problem with Reflecting Telescopes}{section.3}% 49
\BOOKMARK [2][-]{subsection.3.7}{CCD's \(Charge-Coupled Devices\)}{section.3}% 50
\BOOKMARK [3][-]{subsubsection.3.7.1}{Comparing the human eye to a CCD}{subsection.3.7}% 51
\BOOKMARK [2][-]{subsection.3.8}{Radio Telescopes}{section.3}% 52
\BOOKMARK [2][-]{subsection.3.9}{Problems with telescopes on the ground.}{section.3}% 53
\BOOKMARK [2][-]{subsection.3.10}{Arcseconds}{section.3}% 54
\BOOKMARK [2][-]{subsection.3.11}{Astronomical Units}{section.3}% 55
\BOOKMARK [2][-]{subsection.3.12}{Parsecs}{section.3}% 56
\BOOKMARK [2][-]{subsection.3.13}{Light-Years}{section.3}% 57
\BOOKMARK [2][-]{subsection.3.14}{Black Bodies and Power Output of Stars}{section.3}% 58
